<?xml version="1.0" encoding="UTF-8"?>
<testsuite name="GlobalTests" tests="1" skipped="0" failures="1" errors="0" timestamp="2023-07-12T02:59:42" hostname="0134" time="9.605">
  <properties/>
  <testcase name="start" classname="GlobalTests" time="9.605">
    <failure message="java.lang.AssertionError: Wrong answer in test #7&#10;&#10;Incorrect menu output in the following case: Pressed &quot;Enter&quot; to return from system mode. It should contain exactly 5 lines but there were 9 instead&#10;&#10;Please find below the output of your program during this failed test.&#10;Note that the '&gt;' character indicates the beginning of the input line.&#10;&#10;---&#10;&#10;Welcome to the traffic management system!&#10;Input the number of roads: &gt; 1&#10;Input the interval: &gt; 1&#10;Menu:&#10;1. Add road&#10;2. Delete road&#10;3. Open system&#10;0. Quit&#10;&gt; 3&#10;! 2s. have passed since system startup !&#10;! Number of roads: 1 !&#10;! Interval: 1 !&#10;! Press &quot;Enter&quot; to open menu !&#10;! 3s. have passed since system startup !&#10;! Number of roads: 1 !&#10;! Interval: 1 !&#10;! Press &quot;Enter&quot; to open menu !&#10;! 4s. have passed since system startup !&#10;! Number of roads: 1 !&#10;! Interval: 1 !&#10;! Press &quot;Enter&quot; to open menu !&#10;! 5s. have passed since system startup !&#10;! Number of roads: 1 !&#10;! Interval: 1 !&#10;! Press &quot;Enter&quot; to open menu !&#10;&gt; &#10;! 6s. have passed since system startup !&#10;! Number of roads: 1 !&#10;! Interval: 1 !&#10;! Press &quot;Enter&quot; to open menu !&#10;Menu:&#10;1. Add road&#10;2. Delete road&#10;3. Open system&#10;0. Quit" type="java.lang.AssertionError">java.lang.AssertionError: Wrong answer in test #7

Incorrect menu output in the following case: Pressed &quot;Enter&quot; to return from system mode. It should contain exactly 5 lines but there were 9 instead

Please find below the output of your program during this failed test.
Note that the '&gt;' character indicates the beginning of the input line.

---

Welcome to the traffic management system!
Input the number of roads: &gt; 1
Input the interval: &gt; 1
Menu:
1. Add road
2. Delete road
3. Open system
0. Quit
&gt; 3
! 2s. have passed since system startup !
! Number of roads: 1 !
! Interval: 1 !
! Press &quot;Enter&quot; to open menu !
! 3s. have passed since system startup !
! Number of roads: 1 !
! Interval: 1 !
! Press &quot;Enter&quot; to open menu !
! 4s. have passed since system startup !
! Number of roads: 1 !
! Interval: 1 !
! Press &quot;Enter&quot; to open menu !
! 5s. have passed since system startup !
! Number of roads: 1 !
! Interval: 1 !
! Press &quot;Enter&quot; to open menu !
&gt; 
! 6s. have passed since system startup !
! Number of roads: 1 !
! Interval: 1 !
! Press &quot;Enter&quot; to open menu !
Menu:
1. Add road
2. Delete road
3. Open system
0. Quit
	at org.junit.Assert.fail(Assert.java:89)
	at org.hyperskill.hstest.stage.StageTest.start(StageTest.java:203)
	at java.base/jdk.internal.reflect.NativeMethodAccessorImpl.invoke0(Native Method)
	at java.base/jdk.internal.reflect.NativeMethodAccessorImpl.invoke(NativeMethodAccessorImpl.java:77)
	at java.base/jdk.internal.reflect.DelegatingMethodAccessorImpl.invoke(DelegatingMethodAccessorImpl.java:43)
	at java.base/java.lang.reflect.Method.invoke(Method.java:568)
	at org.junit.runners.model.FrameworkMethod$1.runReflectiveCall(FrameworkMethod.java:59)
	at org.junit.internal.runners.model.ReflectiveCallable.run(ReflectiveCallable.java:12)
	at org.junit.runners.model.FrameworkMethod.invokeExplosively(FrameworkMethod.java:56)
	at org.junit.internal.runners.statements.InvokeMethod.evaluate(InvokeMethod.java:17)
	at org.junit.runners.ParentRunner$3.evaluate(ParentRunner.java:306)
	at org.junit.runners.BlockJUnit4ClassRunner$1.evaluate(BlockJUnit4ClassRunner.java:100)
	at org.junit.runners.ParentRunner.runLeaf(ParentRunner.java:366)
	at org.junit.runners.BlockJUnit4ClassRunner.runChild(BlockJUnit4ClassRunner.java:103)
	at org.junit.runners.BlockJUnit4ClassRunner.runChild(BlockJUnit4ClassRunner.java:63)
	at org.junit.runners.ParentRunner$4.run(ParentRunner.java:331)
	at org.junit.runners.ParentRunner$1.schedule(ParentRunner.java:79)
	at org.junit.runners.ParentRunner.runChildren(ParentRunner.java:329)
	at org.junit.runners.ParentRunner.access$100(ParentRunner.java:66)
	at org.junit.runners.ParentRunner$2.evaluate(ParentRunner.java:293)
	at org.junit.runners.ParentRunner$3.evaluate(ParentRunner.java:306)
	at org.junit.runners.ParentRunner.run(ParentRunner.java:413)
	at org.gradle.api.internal.tasks.testing.junit.JUnitTestClassExecutor.runTestClass(JUnitTestClassExecutor.java:108)
	at org.gradle.api.internal.tasks.testing.junit.JUnitTestClassExecutor.execute(JUnitTestClassExecutor.java:57)
	at org.gradle.api.internal.tasks.testing.junit.JUnitTestClassExecutor.execute(JUnitTestClassExecutor.java:39)
	at org.gradle.api.internal.tasks.testing.junit.AbstractJUnitTestClassProcessor.processTestClass(AbstractJUnitTestClassProcessor.java:62)
	at org.gradle.api.internal.tasks.testing.SuiteTestClassProcessor.processTestClass(SuiteTestClassProcessor.java:52)
	at java.base/jdk.internal.reflect.NativeMethodAccessorImpl.invoke0(Native Method)
	at java.base/jdk.internal.reflect.NativeMethodAccessorImpl.invoke(NativeMethodAccessorImpl.java:77)
	at java.base/jdk.internal.reflect.DelegatingMethodAccessorImpl.invoke(DelegatingMethodAccessorImpl.java:43)
	at java.base/java.lang.reflect.Method.invoke(Method.java:568)
	at org.gradle.internal.dispatch.ReflectionDispatch.dispatch(ReflectionDispatch.java:36)
	at org.gradle.internal.dispatch.ReflectionDispatch.dispatch(ReflectionDispatch.java:24)
	at org.gradle.internal.dispatch.ContextClassLoaderDispatch.dispatch(ContextClassLoaderDispatch.java:33)
	at org.gradle.internal.dispatch.ProxyDispatchAdapter$DispatchingInvocationHandler.invoke(ProxyDispatchAdapter.java:94)
	at jdk.proxy1/jdk.proxy1.$Proxy2.processTestClass(Unknown Source)
	at org.gradle.api.internal.tasks.testing.worker.TestWorker$2.run(TestWorker.java:176)
	at org.gradle.api.internal.tasks.testing.worker.TestWorker.executeAndMaintainThreadName(TestWorker.java:129)
	at org.gradle.api.internal.tasks.testing.worker.TestWorker.execute(TestWorker.java:100)
	at org.gradle.api.internal.tasks.testing.worker.TestWorker.execute(TestWorker.java:60)
	at org.gradle.process.internal.worker.child.ActionExecutionWorker.execute(ActionExecutionWorker.java:56)
	at org.gradle.process.internal.worker.child.SystemApplicationClassLoaderWorker.call(SystemApplicationClassLoaderWorker.java:113)
	at org.gradle.process.internal.worker.child.SystemApplicationClassLoaderWorker.call(SystemApplicationClassLoaderWorker.java:65)
	at worker.org.gradle.process.internal.worker.GradleWorkerMain.run(GradleWorkerMain.java:69)
	at worker.org.gradle.process.internal.worker.GradleWorkerMain.main(GradleWorkerMain.java:74)
</failure>
  </testcase>
  <system-out><![CDATA[?[1;31m
Start test 1?[0m
Welcome to the traffic management system!
Input the number of roads: > 5
Input the interval: > 3
Menu:
1. Add road
2. Delete road
3. Open system
0. Quit
> 0
Bye!
?[1;31m
Start test 2?[0m
Welcome to the traffic management system!
Input the number of roads: > 5
Input the interval: > 3
Menu:
1. Add road
2. Delete road
3. Open system
0. Quit
> 1
Road added
> 
Menu:
1. Add road
2. Delete road
3. Open system
0. Quit
> 0
Bye!
?[1;31m
Start test 3?[0m
Welcome to the traffic management system!
Input the number of roads: > 5
Input the interval: > 3
Menu:
1. Add road
2. Delete road
3. Open system
0. Quit
> 2
Road deleted
> 
Menu:
1. Add road
2. Delete road
3. Open system
0. Quit
> 0
Bye!
?[1;31m
Start test 4?[0m
?[1;31m
Start test 5?[0m
Welcome to the traffic management system!
Input the number of roads: > asd
Error! Incorrect input. Try again: > -1
Error! Incorrect input. Try again: > 6-
Error! Incorrect input. Try again: > 0
Error! Incorrect input. Try again: > Hello world!
Error! Incorrect input. Try again: > 5
Input the interval: > asd
Error! Incorrect input. Try again: > -1
Error! Incorrect input. Try again: > 6-
Error! Incorrect input. Try again: > 0
Error! Incorrect input. Try again: > Hello world!
Error! Incorrect input. Try again: > 5
Menu:
1. Add road
2. Delete road
3. Open system
0. Quit
> 0
Bye!
?[1;31m
Start test 6?[0m
Welcome to the traffic management system!
Input the number of roads: > 5
Input the interval: > 3
Menu:
1. Add road
2. Delete road
3. Open system
0. Quit
> asd
Incorrect option
> 
Menu:
1. Add road
2. Delete road
3. Open system
0. Quit
> -1
Incorrect option
> 
Menu:
1. Add road
2. Delete road
3. Open system
0. Quit
> 6-
Incorrect option
> 
Menu:
1. Add road
2. Delete road
3. Open system
0. Quit
> Hello world!
Incorrect option
> 
Menu:
1. Add road
2. Delete road
3. Open system
0. Quit
> 4
Incorrect option
> 
Menu:
1. Add road
2. Delete road
3. Open system
0. Quit
> 5
Incorrect option
> 
Menu:
1. Add road
2. Delete road
3. Open system
0. Quit
> 0
Bye!
?[1;31m
Start test 7?[0m
Welcome to the traffic management system!
Input the number of roads: > 1
Input the interval: > 1
Menu:
1. Add road
2. Delete road
3. Open system
0. Quit
> 3
! 2s. have passed since system startup !
! Number of roads: 1 !
! Interval: 1 !
! Press "Enter" to open menu !
! 3s. have passed since system startup !
! Number of roads: 1 !
! Interval: 1 !
! Press "Enter" to open menu !
! 4s. have passed since system startup !
! Number of roads: 1 !
! Interval: 1 !
! Press "Enter" to open menu !
! 5s. have passed since system startup !
! Number of roads: 1 !
! Interval: 1 !
! Press "Enter" to open menu !
> 
! 6s. have passed since system startup !
! Number of roads: 1 !
! Interval: 1 !
! Press "Enter" to open menu !
Menu:
1. Add road
2. Delete road
3. Open system
0. Quit
]]></system-out>
  <system-err><![CDATA[]]></system-err>
</testsuite>
