<?xml version="1.0" encoding="UTF-8"?>
<testsuite name="TrafficLightTest" tests="1" skipped="0" failures="0" errors="0" timestamp="2023-07-05T09:23:25" hostname="0134" time="0.01">
  <properties/>
  <testcase name="start" classname="TrafficLightTest" time="0.01"/>
  <system-out><![CDATA[?[1;31m
Start test 1 (19)?[0m
Welcome to the traffic management system!
Input the number of roads: > 5
Input the interval: > 3
Menu:
1. Add road
2. Delete road
3. Open system
0. Quit
> 1
Road added
Menu:
1. Add road
2. Delete road
3. Open system
0. Quit
> 2
Road deleted
Menu:
1. Add road
2. Delete road
3. Open system
0. Quit
> 3
System opened
Menu:
1. Add road
2. Delete road
3. Open system
0. Quit
> 0
]]></system-out>
  <system-err><![CDATA[]]></system-err>
</testsuite>
